<?xml version="1.0" encoding="UTF-8"?>
<!-- Generated by org.testng.reporters.JUnitXMLReporter -->
<testsuite hostname="HDC3-L-128FX5H" ignored="0" name="Regressioin2" tests="3" failures="0" timestamp="2021-09-20T14:22:17 IST" time="2.309" errors="0">
  <testcase name="deleteCustomer" time="2.186" classname="com.accenture.APITestingFrameWork.testCases.DeleteCustomerTest"/>
  <testcase name="deleteCustomer" time="2.186" classname="com.accenture.APITestingFrameWork.testCases.DeleteCustomerTest"/>
  <testcase name="deleteCustomer" time="2.186" classname="com.accenture.APITestingFrameWork.testCases.DeleteCustomerTest"/>
</testsuite> <!-- Regressioin2 -->
