<?xml version="1.0" encoding="UTF-8"?>
<!-- Generated by org.testng.reporters.JUnitXMLReporter -->
<testsuite hostname="HDC3-L-128FX5H" ignored="0" name="Create Customer API Test" tests="29" failures="0" timestamp="2021-09-17T11:39:13 IST" time="5.799" errors="0">
  <testcase name="deleteCustomer" time="2.894" classname="com.accenture.APITestingFrameWork.testCases.DeleteCustomerTest"/>
  <testcase name="deleteCustomer" time="2.894" classname="com.accenture.APITestingFrameWork.testCases.DeleteCustomerTest"/>
  <testcase name="deleteCustomer" time="2.894" classname="com.accenture.APITestingFrameWork.testCases.DeleteCustomerTest"/>
  <testcase name="deleteCustomer" time="2.894" classname="com.accenture.APITestingFrameWork.testCases.DeleteCustomerTest"/>
  <testcase name="deleteCustomer" time="2.894" classname="com.accenture.APITestingFrameWork.testCases.DeleteCustomerTest"/>
  <testcase name="deleteCustomer" time="2.894" classname="com.accenture.APITestingFrameWork.testCases.DeleteCustomerTest"/>
  <testcase name="deleteCustomer" time="2.894" classname="com.accenture.APITestingFrameWork.testCases.DeleteCustomerTest"/>
  <testcase name="deleteCustomer" time="2.894" classname="com.accenture.APITestingFrameWork.testCases.DeleteCustomerTest"/>
  <testcase name="deleteCustomer" time="2.894" classname="com.accenture.APITestingFrameWork.testCases.DeleteCustomerTest"/>
  <testcase name="deleteCustomer" time="2.894" classname="com.accenture.APITestingFrameWork.testCases.DeleteCustomerTest"/>
  <testcase name="deleteCustomer" time="0.883" classname="com.accenture.APITestingFrameWork.testCases.DeleteCustomerTest"/>
  <testcase name="deleteCustomer" time="0.881" classname="com.accenture.APITestingFrameWork.testCases.DeleteCustomerTest"/>
  <testcase name="deleteCustomer" time="0.928" classname="com.accenture.APITestingFrameWork.testCases.DeleteCustomerTest"/>
  <testcase name="deleteCustomer" time="0.927" classname="com.accenture.APITestingFrameWork.testCases.DeleteCustomerTest"/>
  <testcase name="deleteCustomer" time="0.925" classname="com.accenture.APITestingFrameWork.testCases.DeleteCustomerTest"/>
  <testcase name="deleteCustomer" time="0.933" classname="com.accenture.APITestingFrameWork.testCases.DeleteCustomerTest"/>
  <testcase name="deleteCustomer" time="0.924" classname="com.accenture.APITestingFrameWork.testCases.DeleteCustomerTest"/>
  <testcase name="deleteCustomer" time="0.929" classname="com.accenture.APITestingFrameWork.testCases.DeleteCustomerTest"/>
  <testcase name="deleteCustomer" time="0.934" classname="com.accenture.APITestingFrameWork.testCases.DeleteCustomerTest"/>
  <testcase name="deleteCustomer" time="0.986" classname="com.accenture.APITestingFrameWork.testCases.DeleteCustomerTest"/>
  <testcase name="deleteCustomer" time="0.775" classname="com.accenture.APITestingFrameWork.testCases.DeleteCustomerTest"/>
  <testcase name="deleteCustomer" time="0.774" classname="com.accenture.APITestingFrameWork.testCases.DeleteCustomerTest"/>
  <testcase name="deleteCustomer" time="0.813" classname="com.accenture.APITestingFrameWork.testCases.DeleteCustomerTest"/>
  <testcase name="deleteCustomer" time="0.856" classname="com.accenture.APITestingFrameWork.testCases.DeleteCustomerTest"/>
  <testcase name="deleteCustomer" time="0.851" classname="com.accenture.APITestingFrameWork.testCases.DeleteCustomerTest"/>
  <testcase name="deleteCustomer" time="0.855" classname="com.accenture.APITestingFrameWork.testCases.DeleteCustomerTest"/>
  <testcase name="deleteCustomer" time="0.873" classname="com.accenture.APITestingFrameWork.testCases.DeleteCustomerTest"/>
  <testcase name="deleteCustomer" time="0.885" classname="com.accenture.APITestingFrameWork.testCases.DeleteCustomerTest"/>
  <testcase name="deleteCustomer" time="1.855" classname="com.accenture.APITestingFrameWork.testCases.DeleteCustomerTest"/>
</testsuite> <!-- Create Customer API Test -->
